<?xml version="1.0" encoding="UTF-8"?>
<!-- Generated by org.testng.reporters.JUnitReportReporter -->
<testsuite hostname="DESKTOP-L9U6IEH" failures="0" tests="1" name="demo.test1" time="0.002" errors="0" timestamp="2023-01-09T16:08:41 IST" skipped="0">
  <testcase classname="demo.test1" name="m1" time="0.002"/>
  <system-out>
    <![CDATA[hi]]>
  </system-out>
</testsuite> <!-- demo.test1 -->
